::1 - - [13/Dec/2022:13:29:20 +0000] "GET /workshops/6397477b801b0e799215bd38 HTTP/1.1" 304 - "-" "Mozilla/5.0 (Macintosh; Intel Mac OS X 10_15_7) AppleWebKit/537.36 (KHTML, like Gecko) Chrome/108.0.0.0 Safari/537.36"
::1 - - [13/Dec/2022:13:37:22 +0000] "GET /workshops/jbdjk.sdkjneoj/erfrefe HTTP/1.1" 404 171 "-" "Mozilla/5.0 (Macintosh; Intel Mac OS X 10_15_7) AppleWebKit/537.36 (KHTML, like Gecko) Chrome/108.0.0.0 Safari/537.36"
::1 - - [13/Dec/2022:13:40:51 +0000] "GET /workshops/jbdjk.sdkjneoj/erfrefe HTTP/1.1" 200 48 "-" "Mozilla/5.0 (Macintosh; Intel Mac OS X 10_15_7) AppleWebKit/537.36 (KHTML, like Gecko) Chrome/108.0.0.0 Safari/537.36"
::1 - - [13/Dec/2022:13:41:17 +0000] "GET /workshops/jbdjk.sdkjneoj/erfrefe HTTP/1.1" 404 48 "-" "Mozilla/5.0 (Macintosh; Intel Mac OS X 10_15_7) AppleWebKit/537.36 (KHTML, like Gecko) Chrome/108.0.0.0 Safari/537.36"
::1 - - [13/Dec/2022:13:41:25 +0000] "GET /workshops/jbdjk.sdkjneoj/erfrefe HTTP/1.1" 200 48 "-" "Mozilla/5.0 (Macintosh; Intel Mac OS X 10_15_7) AppleWebKit/537.36 (KHTML, like Gecko) Chrome/108.0.0.0 Safari/537.36"
::1 - - [13/Dec/2022:13:41:34 +0000] "GET /workshops/jbdjk.sdkjneoj/erfrefe HTTP/1.1" 404 48 "-" "Mozilla/5.0 (Macintosh; Intel Mac OS X 10_15_7) AppleWebKit/537.36 (KHTML, like Gecko) Chrome/108.0.0.0 Safari/537.36"
::1 - - [13/Dec/2022:13:57:54 +0000] "GET /workshops/6397477b801b0e799215bd38/sdb./sdcd HTTP/1.1" 404 48 "-" "Mozilla/5.0 (Macintosh; Intel Mac OS X 10_15_7) AppleWebKit/537.36 (KHTML, like Gecko) Chrome/108.0.0.0 Safari/537.36"
::1 - - [13/Dec/2022:13:59:09 +0000] "POST /workshops HTTP/1.1" 400 89 "-" "PostmanRuntime/7.30.0"
::1 - - [13/Dec/2022:14:20:37 +0000] "GET /workshops/6397477b801b0e799215bd38/rwfrwf HTTP/1.1" 404 48 "-" "Mozilla/5.0 (Macintosh; Intel Mac OS X 10_15_7) AppleWebKit/537.36 (KHTML, like Gecko) Chrome/108.0.0.0 Safari/537.36"
::1 - - [13/Dec/2022:14:31:21 +0000] "GET /workshops HTTP/1.1" 200 4506 "-" "PostmanRuntime/7.30.0"
::1 - - [13/Dec/2022:14:47:19 +0000] "PATCH /workshops/63974039ab78cf07df17dc5 HTTP/1.1" 400 145 "-" "PostmanRuntime/7.30.0"
::1 - - [13/Dec/2022:14:47:45 +0000] "PATCH /workshops/63974039ab78cf07df17dcaa HTTP/1.1" 500 51 "-" "PostmanRuntime/7.30.0"
::1 - - [13/Dec/2022:14:47:59 +0000] "PATCH /workshops/63974039ab78cf07df17dcaa HTTP/1.1" 404 91 "-" "PostmanRuntime/7.30.0"
::1 - - [13/Dec/2022:14:49:23 +0000] "PATCH /workshops/63974039ab78cf07df17dc5d HTTP/1.1" 200 487 "-" "PostmanRuntime/7.30.0"
::1 - - [13/Dec/2022:14:50:06 +0000] "GET /workshops/63974039ab78cf07df17dc5d HTTP/1.1" 200 487 "-" "PostmanRuntime/7.30.0"
::1 - - [13/Dec/2022:15:04:11 +0000] "PATCH /workshops/63974039ab78cf07df17dc HTTP/1.1" 400 144 "-" "PostmanRuntime/7.30.0"
::1 - - [13/Dec/2022:15:04:24 +0000] "GET /workshops HTTP/1.1" 200 4506 "-" "PostmanRuntime/7.30.0"
::1 - - [13/Dec/2022:15:04:37 +0000] "PATCH /workshops/6397410e89a0f6897f1ad3aa HTTP/1.1" 404 91 "-" "PostmanRuntime/7.30.0"
::1 - - [13/Dec/2022:15:04:54 +0000] "PATCH /workshops/6397410e89a0f6897f1ad3aa HTTP/1.1" 400 100 "-" "PostmanRuntime/7.30.0"
::1 - - [13/Dec/2022:15:11:40 +0000] "PATCH /workshops/6397410e89a0f6897f1ad353 HTTP/1.1" 200 475 "-" "PostmanRuntime/7.30.0"
::1 - - [13/Dec/2022:15:12:21 +0000] "PATCH /workshops/6397410e89a0f6897f1ad353 HTTP/1.1" 200 449 "-" "PostmanRuntime/7.30.0"
::1 - - [13/Dec/2022:15:13:08 +0000] "PATCH /workshops/6397410e89a0f6897f1ad353 HTTP/1.1" 400 108 "-" "PostmanRuntime/7.30.0"
::1 - - [13/Dec/2022:15:16:50 +0000] "GET /workshops HTTP/1.1" 200 4482 "-" "PostmanRuntime/7.30.0"
::1 - - [13/Dec/2022:15:17:07 +0000] "DELETE /workshops/6397410e89a0f6897f1ad3aa HTTP/1.1" 404 91 "-" "PostmanRuntime/7.30.0"
::1 - - [13/Dec/2022:15:17:16 +0000] "DELETE /workshops/6397410e89a0f6897f1ad3a HTTP/1.1" 400 145 "-" "PostmanRuntime/7.30.0"
::1 - - [13/Dec/2022:15:17:37 +0000] "DELETE /workshops/6397410e89a0f6897f1ad353 HTTP/1.1" 200 32 "-" "PostmanRuntime/7.30.0"
::1 - - [13/Dec/2022:15:17:46 +0000] "GET /workshops/6397410e89a0f6897f1ad353 HTTP/1.1" 500 51 "-" "PostmanRuntime/7.30.0"
::1 - - [13/Dec/2022:15:17:57 +0000] "GET /workshops/6397410e89a0f6897f1ad353 HTTP/1.1" 404 91 "-" "PostmanRuntime/7.30.0"
::1 - - [14/Dec/2022:13:14:57 +0000] "POST /auth/register HTTP/1.1" 201 162 "-" "PostmanRuntime/7.30.0"
::1 - - [14/Dec/2022:13:16:25 +0000] "POST /auth/register HTTP/1.1" 500 147 "-" "PostmanRuntime/7.30.0"
::1 - - [14/Dec/2022:13:16:39 +0000] "POST /auth/register HTTP/1.1" 201 162 "-" "PostmanRuntime/7.30.0"
::1 - - [14/Dec/2022:13:19:51 +0000] "POST /auth/register HTTP/1.1" 201 140 "-" "PostmanRuntime/7.30.0"
::1 - - [14/Dec/2022:13:30:36 +0000] "POST /auth/register HTTP/1.1" 400 130 "-" "PostmanRuntime/7.30.0"
::1 - - [14/Dec/2022:13:31:09 +0000] "POST /auth/register HTTP/1.1" 201 137 "-" "PostmanRuntime/7.30.0"
::1 - - [14/Dec/2022:13:31:26 +0000] "POST /auth/register HTTP/1.1" 400 126 "-" "PostmanRuntime/7.30.0"
::1 - - [14/Dec/2022:14:02:31 +0000] "POST /auth/register HTTP/1.1" 201 139 "-" "PostmanRuntime/7.30.0"
::1 - - [14/Dec/2022:14:31:17 +0000] "POST /auth/login HTTP/1.1" - - "-" "PostmanRuntime/7.30.0"
::1 - - [14/Dec/2022:14:52:06 +0000] "POST /auth/login HTTP/1.1" - - "-" "PostmanRuntime/7.30.0"
::1 - - [14/Dec/2022:14:54:35 +0000] "POST /auth/login HTTP/1.1" 401 50 "-" "PostmanRuntime/7.30.0"
::1 - - [14/Dec/2022:15:05:17 +0000] "POST /auth/login HTTP/1.1" 401 50 "-" "PostmanRuntime/7.30.0"
::1 - - [14/Dec/2022:15:05:56 +0000] "POST /auth/login HTTP/1.1" 401 50 "-" "PostmanRuntime/7.30.0"
::1 - - [14/Dec/2022:15:06:29 +0000] "POST /auth/login HTTP/1.1" 401 50 "-" "PostmanRuntime/7.30.0"
::1 - - [14/Dec/2022:15:07:11 +0000] "POST /auth/login HTTP/1.1" 200 213 "-" "PostmanRuntime/7.30.0"
